<?xml version="1.0" encoding="UTF-8"?>
<!-- Generated by org.testng.reporters.JUnitReportReporter -->
<testsuite skipped="0" hostname="DSCHD-PC-CB-079" name="com.uiauto.MobileTestAppium.TestCase1" tests="1" failures="0" timestamp="22 Apr 2019 05:37:44 GMT" time="15.227" errors="0">
  <testcase name="testSetUp" time="15.227" classname="com.uiauto.MobileTestAppium.TestCase1"/>
</testsuite> <!-- com.uiauto.MobileTestAppium.TestCase1 -->
